<?xml version="1.0" encoding="UTF-8"?>
<!-- Generated by org.testng.reporters.JUnitXMLReporter -->
<testsuite hostname="tm-6" name="SmokeScenario" tests="3" failures="2" timestamp="27 Apr 2018 05:49:07 GMT" time="0.126" errors="0">
  <testcase name="fb" time="0.046" classname="FailedTestCases.Testcase1"/>
  <testcase name="gmail" time="0.016" classname="FailedTestCases.Testcase3">
    <failure type="java.lang.AssertionError" message="expected [true] but found [false]">
      <![CDATA[java.lang.AssertionError: expected [true] but found [false]
	at FailedTestCases.Testcase3.gmail(Testcase3.java:10)
... Removed 28 stack frames]]>
    </failure>
  </testcase> <!-- gmail -->
  <testcase name="twitter" time="0.0" classname="FailedTestCases.Testcase2">
    <failure type="java.lang.AssertionError" message="expected [true] but found [false]">
      <![CDATA[java.lang.AssertionError: expected [true] but found [false]
	at FailedTestCases.Testcase2.twitter(Testcase2.java:10)
... Removed 28 stack frames]]>
    </failure>
  </testcase> <!-- twitter -->
</testsuite> <!-- SmokeScenario -->
