<?xml version="1.0" encoding="UTF-8"?>
<testng-results skipped="0" failed="0" total="2" passed="2">
  <reporter-output>
  </reporter-output>
  <suite name="Failed suite [SmokeSuite]" duration-ms="63" started-at="2018-04-27T05:50:13Z" finished-at="2018-04-27T05:50:13Z">
    <groups>
    </groups>
    <test name="SmokeScenario(failed)" duration-ms="63" started-at="2018-04-27T05:50:13Z" finished-at="2018-04-27T05:50:13Z">
      <class name="FailedTestCases.Testcase2">
        <test-method status="PASS" signature="twitter()[pri:0, instance:FailedTestCases.Testcase2@1ccd51b]" name="twitter" duration-ms="0" started-at="2018-04-27T11:20:13Z" finished-at="2018-04-27T11:20:13Z">
          <reporter-output>
          </reporter-output>
        </test-method> <!-- twitter -->
      </class> <!-- FailedTestCases.Testcase2 -->
      <class name="FailedTestCases.Testcase3">
        <test-method status="PASS" signature="gmail()[pri:0, instance:FailedTestCases.Testcase3@1444d75]" name="gmail" duration-ms="32" started-at="2018-04-27T11:20:13Z" finished-at="2018-04-27T11:20:13Z">
          <reporter-output>
          </reporter-output>
        </test-method> <!-- gmail -->
      </class> <!-- FailedTestCases.Testcase3 -->
    </test> <!-- SmokeScenario(failed) -->
  </suite> <!-- Failed suite [SmokeSuite] -->
</testng-results>
